<?xml version="1.0" encoding="UTF-8"?>
<testng-results ignored="0" total="14" passed="14" failed="0" skipped="0">
  <reporter-output>
  </reporter-output>
  <suite started-at="2024-09-30T16:56:57 IST" name="Default suite" finished-at="2024-09-30T16:58:43 IST" duration-ms="106447">
    <groups>
    </groups>
    <test started-at="2024-09-30T16:56:57 IST" name="Default test" finished-at="2024-09-30T16:58:43 IST" duration-ms="106447">
      <class name="Testcases.SafelockLogin">
        <test-method is-config="true" signature="setupMobileDriver()[pri:0, instance:Testcases.SafelockLogin@2eae8e6e]" started-at="2024-09-30T16:56:47 IST" name="setupMobileDriver" finished-at="2024-09-30T16:56:57 IST" duration-ms="10054" status="PASS">
          <reporter-output>
          </reporter-output>
        </test-method> <!-- setupMobileDriver -->
        <test-method is-config="true" signature="loadProperties()[pri:0, instance:Testcases.SafelockLogin@2eae8e6e]" started-at="2024-09-30T16:56:57 IST" name="loadProperties" finished-at="2024-09-30T16:56:57 IST" duration-ms="0" status="PASS">
          <reporter-output>
          </reporter-output>
        </test-method> <!-- loadProperties -->
        <test-method is-config="true" signature="setup()[pri:0, instance:Testcases.SafelockLogin@2eae8e6e]" started-at="2024-09-30T16:56:57 IST" name="setup" finished-at="2024-09-30T16:56:57 IST" duration-ms="22" status="PASS">
          <reporter-output>
          </reporter-output>
        </test-method> <!-- setup -->
        <test-method signature="VERIFY_THAT_SAFELOCK_USER_ENTER_THE_ACTIVATION_CODE_ON_ACTIVATION_FIELD()[pri:1, instance:Testcases.SafelockLogin@2eae8e6e]" started-at="2024-09-30T16:56:57 IST" name="VERIFY_THAT_SAFELOCK_USER_ENTER_THE_ACTIVATION_CODE_ON_ACTIVATION_FIELD" finished-at="2024-09-30T16:57:01 IST" duration-ms="3569" status="PASS">
          <reporter-output>
          </reporter-output>
        </test-method> <!-- VERIFY_THAT_SAFELOCK_USER_ENTER_THE_ACTIVATION_CODE_ON_ACTIVATION_FIELD -->
        <test-method signature="VERIFY_THAT_USER_NAVIGATED_INTO_LOGIN_PAGE_AFTER_CLICKED_SUBMIT_BUTTON()[pri:2, instance:Testcases.SafelockLogin@2eae8e6e]" started-at="2024-09-30T16:57:01 IST" name="VERIFY_THAT_USER_NAVIGATED_INTO_LOGIN_PAGE_AFTER_CLICKED_SUBMIT_BUTTON" finished-at="2024-09-30T16:57:03 IST" duration-ms="2276" status="PASS">
          <reporter-output>
          </reporter-output>
        </test-method> <!-- VERIFY_THAT_USER_NAVIGATED_INTO_LOGIN_PAGE_AFTER_CLICKED_SUBMIT_BUTTON -->
        <test-method signature="VERIFY_THAT_USER_ABLE_TO_ENTER_THE_EMAIL_ID_WHEN_KEYBOARD_APPEARS_BY_DEFAULT()[pri:3, instance:Testcases.SafelockLogin@2eae8e6e]" started-at="2024-09-30T16:57:03 IST" name="VERIFY_THAT_USER_ABLE_TO_ENTER_THE_EMAIL_ID_WHEN_KEYBOARD_APPEARS_BY_DEFAULT" finished-at="2024-09-30T16:57:06 IST" duration-ms="3350" status="PASS">
          <reporter-output>
          </reporter-output>
        </test-method> <!-- VERIFY_THAT_USER_ABLE_TO_ENTER_THE_EMAIL_ID_WHEN_KEYBOARD_APPEARS_BY_DEFAULT -->
        <test-method signature="VERIFY_THAT_USER_ABLE_TO_ENTER_THE_PASSWORD_ON_THE_PASSWORD_FIELD()[pri:4, instance:Testcases.SafelockLogin@2eae8e6e]" started-at="2024-09-30T16:57:06 IST" name="VERIFY_THAT_USER_ABLE_TO_ENTER_THE_PASSWORD_ON_THE_PASSWORD_FIELD" finished-at="2024-09-30T16:57:10 IST" duration-ms="3525" status="PASS">
          <reporter-output>
          </reporter-output>
        </test-method> <!-- VERIFY_THAT_USER_ABLE_TO_ENTER_THE_PASSWORD_ON_THE_PASSWORD_FIELD -->
        <test-method signature="VERIFY_THAT_SAFELOCK_APP_LOGGED_IN_SUCCESSFULLY_BY_CLICK_ON_SUBMIT_BUTTON()[pri:5, instance:Testcases.SafelockLogin@2eae8e6e]" started-at="2024-09-30T16:57:10 IST" name="VERIFY_THAT_SAFELOCK_APP_LOGGED_IN_SUCCESSFULLY_BY_CLICK_ON_SUBMIT_BUTTON" finished-at="2024-09-30T16:57:15 IST" duration-ms="4839" status="PASS">
          <reporter-output>
          </reporter-output>
        </test-method> <!-- VERIFY_THAT_SAFELOCK_APP_LOGGED_IN_SUCCESSFULLY_BY_CLICK_ON_SUBMIT_BUTTON -->
        <test-method signature="VERIFY_THAT_CREATED_ACCESS_IS_LISTED_IN_THE_ACCESS_PAGE()[pri:6, instance:Testcases.SafelockLogin@2eae8e6e]" started-at="2024-09-30T16:57:15 IST" name="VERIFY_THAT_CREATED_ACCESS_IS_LISTED_IN_THE_ACCESS_PAGE" finished-at="2024-09-30T16:57:18 IST" duration-ms="3292" status="PASS">
          <reporter-output>
          </reporter-output>
        </test-method> <!-- VERIFY_THAT_CREATED_ACCESS_IS_LISTED_IN_THE_ACCESS_PAGE -->
        <test-method signature="VERIFY_THAT_BLUETOOTH_IS_ENALBED_BY_CLICKING_ON_ALLOW_BUUTON()[pri:7, instance:Testcases.SafelockLogin@2eae8e6e]" started-at="2024-09-30T16:57:18 IST" name="VERIFY_THAT_BLUETOOTH_IS_ENALBED_BY_CLICKING_ON_ALLOW_BUUTON" finished-at="2024-09-30T16:57:22 IST" duration-ms="3753" status="PASS">
          <reporter-output>
          </reporter-output>
        </test-method> <!-- VERIFY_THAT_BLUETOOTH_IS_ENALBED_BY_CLICKING_ON_ALLOW_BUUTON -->
        <test-method signature="VERIFY_THAT_LOCATION_IS_ALLOWED_BY_CLICKING_ON_ALLOW_OPTION()[pri:8, instance:Testcases.SafelockLogin@2eae8e6e]" started-at="2024-09-30T16:57:22 IST" name="VERIFY_THAT_LOCATION_IS_ALLOWED_BY_CLICKING_ON_ALLOW_OPTION" finished-at="2024-09-30T16:57:55 IST" duration-ms="33211" status="PASS">
          <reporter-output>
          </reporter-output>
        </test-method> <!-- VERIFY_THAT_LOCATION_IS_ALLOWED_BY_CLICKING_ON_ALLOW_OPTION -->
        <test-method signature="VERIFY_THAT_SELECTED_LOCK_IS_SEARCHED_AND_CONNECTED_TO_THE_DEVICE()[pri:9, instance:Testcases.SafelockLogin@2eae8e6e]" started-at="2024-09-30T16:57:55 IST" name="VERIFY_THAT_SELECTED_LOCK_IS_SEARCHED_AND_CONNECTED_TO_THE_DEVICE" finished-at="2024-09-30T16:58:00 IST" duration-ms="5114" status="PASS">
          <reporter-output>
          </reporter-output>
        </test-method> <!-- VERIFY_THAT_SELECTED_LOCK_IS_SEARCHED_AND_CONNECTED_TO_THE_DEVICE -->
        <test-method signature="VERIFY_THAT_USER_LOADED_WITH_OPEN_LOCK_PAGE_ALONG_WITH_CONTROLLER_DETAILS()[pri:10, instance:Testcases.SafelockLogin@2eae8e6e]" started-at="2024-09-30T16:58:00 IST" name="VERIFY_THAT_USER_LOADED_WITH_OPEN_LOCK_PAGE_ALONG_WITH_CONTROLLER_DETAILS" finished-at="2024-09-30T16:58:10 IST" duration-ms="9835" status="PASS">
          <reporter-output>
          </reporter-output>
        </test-method> <!-- VERIFY_THAT_USER_LOADED_WITH_OPEN_LOCK_PAGE_ALONG_WITH_CONTROLLER_DETAILS -->
        <test-method signature="VERIFY_THAT_USER_NAVIAGETED_INTO_GET_OTP_SCREEN_SUCCESSFULLY()[pri:11, instance:Testcases.SafelockLogin@2eae8e6e]" started-at="2024-09-30T16:58:10 IST" name="VERIFY_THAT_USER_NAVIAGETED_INTO_GET_OTP_SCREEN_SUCCESSFULLY" finished-at="2024-09-30T16:58:21 IST" duration-ms="11344" status="PASS">
          <reporter-output>
          </reporter-output>
        </test-method> <!-- VERIFY_THAT_USER_NAVIAGETED_INTO_GET_OTP_SCREEN_SUCCESSFULLY -->
        <test-method signature="VERIFY_THAT_LOCK_OPENED_SUCCESSFILLY_AFTER_ENTERED_THE_OTP_By_Click_Submit_AND_STATUS_CHANGED_INTO_OPENED()[pri:12, instance:Testcases.SafelockLogin@2eae8e6e]" started-at="2024-09-30T16:58:21 IST" name="VERIFY_THAT_LOCK_OPENED_SUCCESSFILLY_AFTER_ENTERED_THE_OTP_By_Click_Submit_AND_STATUS_CHANGED_INTO_OPENED" finished-at="2024-09-30T16:58:28 IST" duration-ms="6567" status="PASS">
          <reporter-output>
          </reporter-output>
        </test-method> <!-- VERIFY_THAT_LOCK_OPENED_SUCCESSFILLY_AFTER_ENTERED_THE_OTP_By_Click_Submit_AND_STATUS_CHANGED_INTO_OPENED -->
        <test-method signature="VERIFY_THAT_LOCK_AUTOMATICALLY_CLOSED_AFTER_CONFIGURED_SECONDS_AND_STATUS_CHANGED_INTO_CLSOED()[pri:13, instance:Testcases.SafelockLogin@2eae8e6e]" started-at="2024-09-30T16:58:28 IST" name="VERIFY_THAT_LOCK_AUTOMATICALLY_CLOSED_AFTER_CONFIGURED_SECONDS_AND_STATUS_CHANGED_INTO_CLSOED" finished-at="2024-09-30T16:58:39 IST" duration-ms="11300" status="PASS">
          <reporter-output>
          </reporter-output>
        </test-method> <!-- VERIFY_THAT_LOCK_AUTOMATICALLY_CLOSED_AFTER_CONFIGURED_SECONDS_AND_STATUS_CHANGED_INTO_CLSOED -->
        <test-method signature="VERIFY_THAT_ALL_THE_PENDING_SYNC_EVENTS_SYNCED_SUCCESSFULLY()[pri:14, instance:Testcases.SafelockLogin@2eae8e6e]" started-at="2024-09-30T16:58:39 IST" name="VERIFY_THAT_ALL_THE_PENDING_SYNC_EVENTS_SYNCED_SUCCESSFULLY" finished-at="2024-09-30T16:58:43 IST" duration-ms="4353" status="PASS">
          <reporter-output>
          </reporter-output>
        </test-method> <!-- VERIFY_THAT_ALL_THE_PENDING_SYNC_EVENTS_SYNCED_SUCCESSFULLY -->
      </class> <!-- Testcases.SafelockLogin -->
    </test> <!-- Default test -->
  </suite> <!-- Default suite -->
</testng-results>
